2023-10-11 08:29:46,816 INFO  [org.jboss.modules] (main) JBoss Modules version 2.0.2.Final
2023-10-11 08:29:47,128 INFO  [org.jboss.msc] (main) JBoss MSC version 1.4.13.Final
2023-10-11 08:29:47,133 INFO  [org.jboss.threads] (main) JBoss Threads version 2.4.0.Final
2023-10-11 08:29:47,210 INFO  [org.jboss.as] (MSC service thread 1-2) WFLYSRV0049: WildFly Full 26.1.2.Final (WildFly Core 18.1.2.Final) starting
2023-10-11 08:29:47,211 DEBUG [org.jboss.as.config] (MSC service thread 1-2) Configured system properties:
	file.encoding = Cp1251
	file.separator = \
	java.awt.headless = true
	java.class.path = F:\git\Web\Web-2nd-course\wildfly-26.1.2.Final\jboss-modules.jar
	java.class.version = 61.0
	java.home = C:\Program Files\Java\jdk-17.0.4.1
	java.io.tmpdir = C:\Users\art\AppData\Local\Temp\
	java.library.path = C:\Program Files\Java\jdk-17.0.4.1\bin;C:\WINDOWS\Sun\Java\bin;C:\WINDOWS\system32;C:\WINDOWS;C:\Program Files\Microsoft\jdk-11.0.16.101-hotspot\bin;C:\Program Files\Common Files\Oracle\Java\javapath;C:\Program Files (x86)\Common Files\Oracle\Java\javapath;C:\Windows\system32;C:\Windows;C:\Windows\System32\Wbem;C:\Windows\System32\WindowsPowerShell\v1.0\;C:\Windows\System32\OpenSSH\;C:\Program Files\NVIDIA Corporation\NVIDIA NvDLISR;C:\Program Files (x86)\NVIDIA Corporation\PhysX\Common;C:\Program Files\Java\jdk-17.0.4.1\bin;C:\Program Files\nodejs\;C:\Program Files\Git\cmd;C:\Program Files\Cloudflare\Cloudflare WARP\;C:\WINDOWS\system32;C:\WINDOWS;C:\WINDOWS\System32\Wbem;C:\WINDOWS\System32\WindowsPowerShell\v1.0\;C:\WINDOWS\System32\OpenSSH\;C:\Program Files\Microsoft SQL Server\150\Tools\Binn\;C:\Program Files\Microsoft SQL Server\Client SDK\ODBC\170\Tools\Binn\;C:\Program Files\dotnet\;C:\Program Files (x86)\Windows Kits\10\Windows Performance Toolkit\;C:\Users\art\AppData\Local\Programs\Python\Python310\Scripts\;C:\Users\art\AppData\Local\Programs\Python\Python310\;C:\Users\art\AppData\Local\Microsoft\WindowsApps;C:\Users\art\private\programms\Microsoft VS Code\bin;C:\Users\art\AppData\Local\GitHubDesktop\bin;C:\Users\art\AppData\Roaming\npm;C:\Program Files\JetBrains\IntelliJ IDEA 2022.2.3\bin;;C:\Users\art\.dotnet\tools;C:\php\;;.
	java.net.preferIPv4Stack = true
	java.runtime.name = Java(TM) SE Runtime Environment
	java.runtime.version = 17.0.4.1+1-LTS-2
	java.security.manager = allow
	java.specification.name = Java Platform API Specification
	java.specification.vendor = Oracle Corporation
	java.specification.version = 17
	java.util.logging.manager = org.jboss.logmanager.LogManager
	java.vendor = Oracle Corporation
	java.vendor.url = https://java.oracle.com/
	java.vendor.url.bug = https://bugreport.java.com/bugreport/
	java.version = 17.0.4.1
	java.version.date = 2022-08-18
	java.vm.compressedOopsMode = 32-bit
	java.vm.info = mixed mode, sharing
	java.vm.name = Java HotSpot(TM) 64-Bit Server VM
	java.vm.specification.name = Java Virtual Machine Specification
	java.vm.specification.vendor = Oracle Corporation
	java.vm.specification.version = 17
	java.vm.vendor = Oracle Corporation
	java.vm.version = 17.0.4.1+1-LTS-2
	javax.management.builder.initial = org.jboss.as.jmx.PluggableMBeanServerBuilder
	jboss.home.dir = F:\git\Web\Web-2nd-course\wildfly-26.1.2.Final
	jboss.host.name = art
	jboss.modules.dir = F:\git\Web\Web-2nd-course\wildfly-26.1.2.Final\modules
	jboss.modules.system.pkgs = org.jboss.byteman
	jboss.node.name = art
	jboss.qualified.host.name = art
	jboss.server.base.dir = F:\git\Web\Web-2nd-course\wildfly-26.1.2.Final\standalone
	jboss.server.config.dir = F:\git\Web\Web-2nd-course\wildfly-26.1.2.Final\standalone\configuration
	jboss.server.data.dir = F:\git\Web\Web-2nd-course\wildfly-26.1.2.Final\standalone\data
	jboss.server.deploy.dir = F:\git\Web\Web-2nd-course\wildfly-26.1.2.Final\standalone\data\content
	jboss.server.log.dir = F:\git\Web\Web-2nd-course\wildfly-26.1.2.Final\standalone\log
	jboss.server.name = art
	jboss.server.persist.config = true
	jboss.server.temp.dir = F:\git\Web\Web-2nd-course\wildfly-26.1.2.Final\standalone\tmp
	jdk.debug = release
	line.separator = 

	logging.configuration = file:F:\git\Web\Web-2nd-course\wildfly-26.1.2.Final\standalone\configuration/logging.properties
	module.path = F:\git\Web\Web-2nd-course\wildfly-26.1.2.Final\modules
	native.encoding = Cp1251
	org.jboss.boot.log.file = F:\git\Web\Web-2nd-course\wildfly-26.1.2.Final\standalone\log\server.log
	org.jboss.resolver.warning = true
	os.arch = amd64
	os.name = Windows 11
	os.version = 10.0
	path.separator = ;
	program.name = standalone.bat
	sun.arch.data.model = 64
	sun.boot.library.path = C:\Program Files\Java\jdk-17.0.4.1\bin
	sun.cpu.endian = little
	sun.cpu.isalist = amd64
	sun.io.unicode.encoding = UnicodeLittle
	sun.java.command = F:\git\Web\Web-2nd-course\wildfly-26.1.2.Final\jboss-modules.jar -mp F:\git\Web\Web-2nd-course\wildfly-26.1.2.Final\modules org.jboss.as.standalone -Djboss.home.dir=F:\git\Web\Web-2nd-course\wildfly-26.1.2.Final
	sun.java.launcher = SUN_STANDARD
	sun.jnu.encoding = Cp1251
	sun.management.compiler = HotSpot 64-Bit Tiered Compilers
	sun.os.patch.level = 
	user.country = RU
	user.dir = F:\git\Web\Web-2nd-course\wildfly-26.1.2.Final\bin
	user.home = C:\Users\art
	user.language = ru
	user.name = art
	user.script = 
	user.timezone = GMT+03:00
	user.variant = 
2023-10-11 08:29:47,213 DEBUG [org.jboss.as.config] (MSC service thread 1-2) VM Arguments: -Dprogram.name=standalone.bat -Xms64M -Xmx512M -XX:MetaspaceSize=96M -XX:MaxMetaspaceSize=256m -Djava.net.preferIPv4Stack=true -Djboss.modules.system.pkgs=org.jboss.byteman -Djava.awt.headless=true --add-exports=java.desktop/sun.awt=ALL-UNNAMED --add-exports=java.naming/com.sun.jndi.ldap=ALL-UNNAMED --add-exports=java.naming/com.sun.jndi.url.ldap=ALL-UNNAMED --add-exports=java.naming/com.sun.jndi.url.ldaps=ALL-UNNAMED --add-opens=java.base/java.lang=ALL-UNNAMED --add-opens=java.base/java.lang.invoke=ALL-UNNAMED --add-opens=java.base/java.io=ALL-UNNAMED --add-opens=java.base/java.lang.reflect=ALL-UNNAMED --add-opens=java.base/java.security=ALL-UNNAMED --add-opens=java.base/java.util=ALL-UNNAMED --add-opens=java.base/java.util.concurrent=ALL-UNNAMED --add-opens=java.management/javax.management=ALL-UNNAMED --add-opens=java.naming/javax.naming=ALL-UNNAMED -Djava.security.manager=allow -Dorg.jboss.boot.log.file=F:\git\Web\Web-2nd-course\wildfly-26.1.2.Final\standalone\log\server.log -Dlogging.configuration=file:F:\git\Web\Web-2nd-course\wildfly-26.1.2.Final\standalone\configuration/logging.properties 
2023-10-11 08:30:09,227 INFO  [org.jboss.modules] (main) JBoss Modules version 2.0.2.Final
2023-10-11 08:30:09,560 INFO  [org.jboss.msc] (main) JBoss MSC version 1.4.13.Final
2023-10-11 08:30:09,565 INFO  [org.jboss.threads] (main) JBoss Threads version 2.4.0.Final
2023-10-11 08:30:09,645 INFO  [org.jboss.as] (MSC service thread 1-2) WFLYSRV0049: WildFly Full 26.1.2.Final (WildFly Core 18.1.2.Final) starting
2023-10-11 08:30:09,646 DEBUG [org.jboss.as.config] (MSC service thread 1-2) Configured system properties:
	file.encoding = Cp1251
	file.separator = \
	java.awt.headless = true
	java.class.path = F:\git\Web\Web-2nd-course\wildfly-26.1.2.Final\jboss-modules.jar
	java.class.version = 61.0
	java.home = C:\Program Files\Java\jdk-17.0.4.1
	java.io.tmpdir = C:\Users\art\AppData\Local\Temp\
	java.library.path = C:\Program Files\Java\jdk-17.0.4.1\bin;C:\WINDOWS\Sun\Java\bin;C:\WINDOWS\system32;C:\WINDOWS;C:\Program Files\Microsoft\jdk-11.0.16.101-hotspot\bin;C:\Program Files\Common Files\Oracle\Java\javapath;C:\Program Files (x86)\Common Files\Oracle\Java\javapath;C:\Windows\system32;C:\Windows;C:\Windows\System32\Wbem;C:\Windows\System32\WindowsPowerShell\v1.0\;C:\Windows\System32\OpenSSH\;C:\Program Files\NVIDIA Corporation\NVIDIA NvDLISR;C:\Program Files (x86)\NVIDIA Corporation\PhysX\Common;C:\Program Files\Java\jdk-17.0.4.1\bin;C:\Program Files\nodejs\;C:\Program Files\Git\cmd;C:\Program Files\Cloudflare\Cloudflare WARP\;C:\WINDOWS\system32;C:\WINDOWS;C:\WINDOWS\System32\Wbem;C:\WINDOWS\System32\WindowsPowerShell\v1.0\;C:\WINDOWS\System32\OpenSSH\;C:\Program Files\Microsoft SQL Server\150\Tools\Binn\;C:\Program Files\Microsoft SQL Server\Client SDK\ODBC\170\Tools\Binn\;C:\Program Files\dotnet\;C:\Program Files (x86)\Windows Kits\10\Windows Performance Toolkit\;C:\Users\art\AppData\Local\Programs\Python\Python310\Scripts\;C:\Users\art\AppData\Local\Programs\Python\Python310\;C:\Users\art\AppData\Local\Microsoft\WindowsApps;C:\Users\art\private\programms\Microsoft VS Code\bin;C:\Users\art\AppData\Local\GitHubDesktop\bin;C:\Users\art\AppData\Roaming\npm;C:\Program Files\JetBrains\IntelliJ IDEA 2022.2.3\bin;;C:\Users\art\.dotnet\tools;C:\php\;;.
	java.net.preferIPv4Stack = true
	java.runtime.name = Java(TM) SE Runtime Environment
	java.runtime.version = 17.0.4.1+1-LTS-2
	java.security.manager = allow
	java.specification.name = Java Platform API Specification
	java.specification.vendor = Oracle Corporation
	java.specification.version = 17
	java.util.logging.manager = org.jboss.logmanager.LogManager
	java.vendor = Oracle Corporation
	java.vendor.url = https://java.oracle.com/
	java.vendor.url.bug = https://bugreport.java.com/bugreport/
	java.version = 17.0.4.1
	java.version.date = 2022-08-18
	java.vm.compressedOopsMode = 32-bit
	java.vm.info = mixed mode, sharing
	java.vm.name = Java HotSpot(TM) 64-Bit Server VM
	java.vm.specification.name = Java Virtual Machine Specification
	java.vm.specification.vendor = Oracle Corporation
	java.vm.specification.version = 17
	java.vm.vendor = Oracle Corporation
	java.vm.version = 17.0.4.1+1-LTS-2
	javax.management.builder.initial = org.jboss.as.jmx.PluggableMBeanServerBuilder
	jboss.home.dir = F:\git\Web\Web-2nd-course\wildfly-26.1.2.Final
	jboss.host.name = art
	jboss.modules.dir = F:\git\Web\Web-2nd-course\wildfly-26.1.2.Final\modules
	jboss.modules.system.pkgs = org.jboss.byteman
	jboss.node.name = art
	jboss.qualified.host.name = art
	jboss.server.base.dir = F:\git\Web\Web-2nd-course\wildfly-26.1.2.Final\standalone
	jboss.server.config.dir = F:\git\Web\Web-2nd-course\wildfly-26.1.2.Final\standalone\configuration
	jboss.server.data.dir = F:\git\Web\Web-2nd-course\wildfly-26.1.2.Final\standalone\data
	jboss.server.deploy.dir = F:\git\Web\Web-2nd-course\wildfly-26.1.2.Final\standalone\data\content
	jboss.server.log.dir = F:\git\Web\Web-2nd-course\wildfly-26.1.2.Final\standalone\log
	jboss.server.name = art
	jboss.server.persist.config = true
	jboss.server.temp.dir = F:\git\Web\Web-2nd-course\wildfly-26.1.2.Final\standalone\tmp
	jdk.debug = release
	line.separator = 

	logging.configuration = file:F:\git\Web\Web-2nd-course\wildfly-26.1.2.Final\standalone\configuration/logging.properties
	module.path = F:\git\Web\Web-2nd-course\wildfly-26.1.2.Final\modules
	native.encoding = Cp1251
	org.jboss.boot.log.file = F:\git\Web\Web-2nd-course\wildfly-26.1.2.Final\standalone\log\server.log
	org.jboss.resolver.warning = true
	os.arch = amd64
	os.name = Windows 11
	os.version = 10.0
	path.separator = ;
	program.name = standalone.bat
	sun.arch.data.model = 64
	sun.boot.library.path = C:\Program Files\Java\jdk-17.0.4.1\bin
	sun.cpu.endian = little
	sun.cpu.isalist = amd64
	sun.io.unicode.encoding = UnicodeLittle
	sun.java.command = F:\git\Web\Web-2nd-course\wildfly-26.1.2.Final\jboss-modules.jar -mp F:\git\Web\Web-2nd-course\wildfly-26.1.2.Final\modules org.jboss.as.standalone -Djboss.home.dir=F:\git\Web\Web-2nd-course\wildfly-26.1.2.Final
	sun.java.launcher = SUN_STANDARD
	sun.jnu.encoding = Cp1251
	sun.management.compiler = HotSpot 64-Bit Tiered Compilers
	sun.os.patch.level = 
	user.country = RU
	user.dir = F:\git\Web\Web-2nd-course\wildfly-26.1.2.Final\bin
	user.home = C:\Users\art
	user.language = ru
	user.name = art
	user.script = 
	user.timezone = GMT+03:00
	user.variant = 
2023-10-11 08:30:09,649 DEBUG [org.jboss.as.config] (MSC service thread 1-2) VM Arguments: -Dprogram.name=standalone.bat -Xms64M -Xmx512M -XX:MetaspaceSize=96M -XX:MaxMetaspaceSize=256m -Djava.net.preferIPv4Stack=true -Djboss.modules.system.pkgs=org.jboss.byteman -Djava.awt.headless=true --add-exports=java.desktop/sun.awt=ALL-UNNAMED --add-exports=java.naming/com.sun.jndi.ldap=ALL-UNNAMED --add-exports=java.naming/com.sun.jndi.url.ldap=ALL-UNNAMED --add-exports=java.naming/com.sun.jndi.url.ldaps=ALL-UNNAMED --add-opens=java.base/java.lang=ALL-UNNAMED --add-opens=java.base/java.lang.invoke=ALL-UNNAMED --add-opens=java.base/java.io=ALL-UNNAMED --add-opens=java.base/java.lang.reflect=ALL-UNNAMED --add-opens=java.base/java.security=ALL-UNNAMED --add-opens=java.base/java.util=ALL-UNNAMED --add-opens=java.base/java.util.concurrent=ALL-UNNAMED --add-opens=java.management/javax.management=ALL-UNNAMED --add-opens=java.naming/javax.naming=ALL-UNNAMED -Djava.security.manager=allow -Dorg.jboss.boot.log.file=F:\git\Web\Web-2nd-course\wildfly-26.1.2.Final\standalone\log\server.log -Dlogging.configuration=file:F:\git\Web\Web-2nd-course\wildfly-26.1.2.Final\standalone\configuration/logging.properties 
2023-10-11 08:30:10,155 INFO  [org.wildfly.security] (ServerService Thread Pool -- 27) ELY00001: WildFly Elytron version 1.19.1.Final
2023-10-11 08:30:10,696 INFO  [org.jboss.as.server] (Controller Boot Thread) WFLYSRV0039: Creating http management service using socket-binding (management-http)
2023-10-11 08:30:10,722 INFO  [org.xnio] (MSC service thread 1-4) XNIO version 3.8.7.Final
2023-10-11 08:30:10,730 INFO  [org.xnio.nio] (MSC service thread 1-4) XNIO NIO Implementation Version 3.8.7.Final
2023-10-11 08:30:10,757 INFO  [org.jboss.as.jaxrs] (ServerService Thread Pool -- 56) WFLYRS0016: RESTEasy version 4.7.7.Final
2023-10-11 08:30:10,762 INFO  [org.wildfly.extension.elytron.oidc._private] (ServerService Thread Pool -- 52) WFLYOIDC0001: Activating WildFly Elytron OIDC Subsystem
2023-10-11 08:30:10,768 INFO  [org.wildfly.extension.health] (ServerService Thread Pool -- 53) WFLYHEALTH0001: Activating Base Health Subsystem
2023-10-11 08:30:10,774 INFO  [org.jboss.as.clustering.infinispan] (ServerService Thread Pool -- 54) WFLYCLINF0001: Activating Infinispan subsystem.
2023-10-11 08:30:10,774 WARN  [org.jboss.as.txn] (ServerService Thread Pool -- 74) WFLYTX0013: The node-identifier attribute on the /subsystem=transactions is set to the default value. This is a danger for environments running multiple servers. Please make sure the attribute value is unique.
2023-10-11 08:30:10,774 INFO  [org.wildfly.extension.microprofile.jwt.smallrye] (ServerService Thread Pool -- 65) WFLYJWT0001: Activating MicroProfile JWT Subsystem
2023-10-11 08:30:10,776 INFO  [org.wildfly.extension.microprofile.config.smallrye] (ServerService Thread Pool -- 64) WFLYCONF0001: Activating MicroProfile Config Subsystem
2023-10-11 08:30:10,786 INFO  [org.jboss.as.jsf] (ServerService Thread Pool -- 61) WFLYJSF0007: Activated the following Jakarta Server Faces Implementations: [main]
2023-10-11 08:30:10,816 INFO  [org.wildfly.extension.metrics] (ServerService Thread Pool -- 63) WFLYMETRICS0001: Activating Base Metrics Subsystem
2023-10-11 08:30:10,816 INFO  [org.wildfly.extension.microprofile.opentracing] (ServerService Thread Pool -- 66) WFLYTRACEXT0001: Activating MicroProfile OpenTracing Subsystem
2023-10-11 08:30:10,816 INFO  [org.jboss.as.naming] (ServerService Thread Pool -- 67) WFLYNAM0001: Activating Naming Subsystem
2023-10-11 08:30:10,817 INFO  [org.jboss.as.webservices] (ServerService Thread Pool -- 76) WFLYWS0002: Activating WebServices Extension
2023-10-11 08:30:10,855 INFO  [org.jboss.as.connector] (MSC service thread 1-2) WFLYJCA0009: Starting Jakarta Connectors Subsystem (WildFly/IronJacamar 1.5.3.Final)
2023-10-11 08:30:10,937 INFO  [org.wildfly.extension.undertow] (MSC service thread 1-6) WFLYUT0003: Undertow 2.2.19.Final starting
2023-10-11 08:30:10,942 INFO  [org.jboss.as.connector.subsystems.datasources] (ServerService Thread Pool -- 44) WFLYJCA0004: Deploying JDBC-compliant driver class org.h2.Driver (version 1.4)
2023-10-11 08:30:10,983 INFO  [org.jboss.as.naming] (MSC service thread 1-3) WFLYNAM0003: Starting Naming Service
2023-10-11 08:30:10,988 INFO  [org.jboss.as.connector.deployers.jdbc] (MSC service thread 1-5) WFLYJCA0018: Started Driver service with driver-name = h2
2023-10-11 08:30:10,992 INFO  [org.jboss.as.mail.extension] (MSC service thread 1-3) WFLYMAIL0001: Bound mail session [java:jboss/mail/Default]
2023-10-11 08:30:11,021 WARN  [org.wildfly.extension.elytron] (MSC service thread 1-6) WFLYELY00023: KeyStore file 'F:\git\Web\Web-2nd-course\wildfly-26.1.2.Final\standalone\configuration\application.keystore' does not exist. Used blank.
2023-10-11 08:30:11,052 INFO  [org.wildfly.extension.io] (ServerService Thread Pool -- 55) WFLYIO001: Worker 'default' has auto-configured to 24 IO threads with 192 max task threads based on your 12 available processors
2023-10-11 08:30:11,069 WARN  [org.wildfly.extension.elytron] (MSC service thread 1-8) WFLYELY01084: KeyStore F:\git\Web\Web-2nd-course\wildfly-26.1.2.Final\standalone\configuration\application.keystore not found, it will be auto generated on first use with a self-signed certificate for host localhost
2023-10-11 08:30:11,078 INFO  [org.wildfly.extension.undertow] (ServerService Thread Pool -- 75) WFLYUT0014: Creating file handler for path 'F:\git\Web\Web-2nd-course\wildfly-26.1.2.Final/welcome-content' with options [directory-listing: 'false', follow-symlink: 'false', case-sensitive: 'true', safe-symlink-paths: '[]']
2023-10-11 08:30:11,173 INFO  [org.jboss.as.ejb3] (MSC service thread 1-2) WFLYEJB0482: Strict pool mdb-strict-max-pool is using a max instance size of 48 (per class), which is derived from the number of CPUs on this host.
2023-10-11 08:30:11,173 INFO  [org.jboss.as.ejb3] (MSC service thread 1-6) WFLYEJB0481: Strict pool slsb-strict-max-pool is using a max instance size of 192 (per class), which is derived from thread worker pool sizing.
2023-10-11 08:30:11,176 INFO  [org.jboss.remoting] (MSC service thread 1-8) JBoss Remoting version 5.0.25.Final
2023-10-11 08:30:11,179 INFO  [org.wildfly.extension.undertow] (MSC service thread 1-3) WFLYUT0012: Started server default-server.
2023-10-11 08:30:11,180 INFO  [org.wildfly.extension.undertow] (MSC service thread 1-2) Queuing requests.
2023-10-11 08:30:11,183 INFO  [org.wildfly.extension.undertow] (MSC service thread 1-2) WFLYUT0018: Host default-host starting
2023-10-11 08:30:11,257 INFO  [org.wildfly.extension.undertow] (MSC service thread 1-6) WFLYUT0006: Undertow HTTP listener default listening on 127.0.0.1:8080
2023-10-11 08:30:11,325 INFO  [org.wildfly.extension.undertow] (MSC service thread 1-8) WFLYUT0006: Undertow HTTPS listener https listening on 127.0.0.1:8443
2023-10-11 08:30:11,420 INFO  [org.jboss.as.patching] (MSC service thread 1-6) WFLYPAT0050: WildFly Full cumulative patch ID is: base, one-off patches include: none
